<?xml version="1.0" encoding="UTF-8"?>
<testsuite name="jpabook.jpashop.service.MemberServiceTest" tests="1" skipped="0" failures="0" errors="0" timestamp="2024-11-25T08:48:17" hostname="DESKTOP-3QVGDFK" time="0.814">
  <properties/>
  <testcase name="join()" classname="jpabook.jpashop.service.MemberServiceTest" time="0.814"/>
  <system-out><![CDATA[17:48:13.282 [Test worker] INFO org.springframework.test.context.support.AnnotationConfigContextLoaderUtils -- Could not detect default configuration classes for test class [jpabook.jpashop.service.MemberServiceTest]: MemberServiceTest does not declare any static, non-private, non-final, nested classes annotated with @Configuration.
17:48:13.383 [Test worker] INFO org.springframework.boot.test.context.SpringBootTestContextBootstrapper -- Found @SpringBootConfiguration jpabook.jpashop.JpashopApplication for test class jpabook.jpashop.service.MemberServiceTest
17:48:13.525 [Test worker] INFO org.springframework.boot.devtools.restart.RestartApplicationListener -- Restart disabled due to context in which it is running

  .   ____          _            __ _ _
 /\\ / ___'_ __ _ _(_)_ __  __ _ \ \ \ \
( ( )\___ | '_ | '_| | '_ \/ _` | \ \ \ \
 \\/  ___)| |_)| | | | | || (_| |  ) ) ) )
  '  |____| .__|_| |_|_| |_\__, | / / / /
 =========|_|==============|___/=/_/_/_/

 :: Spring Boot ::                (v3.3.5)

2024-11-25T17:48:13.811+09:00  INFO 844 --- [jpashop] [    Test worker] j.jpashop.service.MemberServiceTest      : Starting MemberServiceTest using Java 17 with PID 844 (started by user1 in C:\workspace\boot\jpashop)
2024-11-25T17:48:13.813+09:00  INFO 844 --- [jpashop] [    Test worker] j.jpashop.service.MemberServiceTest      : No active profile set, falling back to 1 default profile: "default"
2024-11-25T17:48:14.436+09:00  INFO 844 --- [jpashop] [    Test worker] .s.d.r.c.RepositoryConfigurationDelegate : Bootstrapping Spring Data JPA repositories in DEFAULT mode.
2024-11-25T17:48:14.461+09:00  INFO 844 --- [jpashop] [    Test worker] .s.d.r.c.RepositoryConfigurationDelegate : Finished Spring Data repository scanning in 16 ms. Found 0 JPA repository interfaces.
2024-11-25T17:48:14.835+09:00  INFO 844 --- [jpashop] [    Test worker] o.hibernate.jpa.internal.util.LogHelper  : HHH000204: Processing PersistenceUnitInfo [name: default]
2024-11-25T17:48:14.898+09:00  INFO 844 --- [jpashop] [    Test worker] org.hibernate.Version                    : HHH000412: Hibernate ORM core version 6.5.3.Final
2024-11-25T17:48:14.936+09:00  INFO 844 --- [jpashop] [    Test worker] o.h.c.internal.RegionFactoryInitiator    : HHH000026: Second-level cache disabled
2024-11-25T17:48:15.275+09:00  INFO 844 --- [jpashop] [    Test worker] o.s.o.j.p.SpringPersistenceUnitInfo      : No LoadTimeWeaver setup: ignoring JPA class transformer
2024-11-25T17:48:15.304+09:00  INFO 844 --- [jpashop] [    Test worker] com.zaxxer.hikari.HikariDataSource       : HikariPool-1 - Starting...
2024-11-25T17:48:15.383+09:00  INFO 844 --- [jpashop] [    Test worker] com.zaxxer.hikari.pool.HikariPool        : HikariPool-1 - Added connection conn0: url=jdbc:h2:tcp://localhost/~/jpashop user=SA
2024-11-25T17:48:15.384+09:00  INFO 844 --- [jpashop] [    Test worker] com.zaxxer.hikari.HikariDataSource       : HikariPool-1 - Start completed.
2024-11-25T17:48:16.442+09:00  INFO 844 --- [jpashop] [    Test worker] o.h.e.t.j.p.i.JtaPlatformInitiator       : HHH000489: No JTA platform available (set 'hibernate.transaction.jta.platform' to enable JTA platform integration)
2024-11-25T17:48:16.457+09:00 DEBUG 844 --- [jpashop] [    Test worker] org.hibernate.SQL                        : 
    drop table if exists category cascade 
2024-11-25T17:48:16.462+09:00 DEBUG 844 --- [jpashop] [    Test worker] org.hibernate.SQL                        : 
    drop table if exists category_item cascade 
2024-11-25T17:48:16.463+09:00 DEBUG 844 --- [jpashop] [    Test worker] org.hibernate.SQL                        : 
    drop table if exists delivery cascade 
2024-11-25T17:48:16.464+09:00 DEBUG 844 --- [jpashop] [    Test worker] org.hibernate.SQL                        : 
    drop table if exists item cascade 
2024-11-25T17:48:16.464+09:00 DEBUG 844 --- [jpashop] [    Test worker] org.hibernate.SQL                        : 
    drop table if exists member cascade 
2024-11-25T17:48:16.465+09:00 DEBUG 844 --- [jpashop] [    Test worker] org.hibernate.SQL                        : 
    drop table if exists order_item cascade 
2024-11-25T17:48:16.466+09:00 DEBUG 844 --- [jpashop] [    Test worker] org.hibernate.SQL                        : 
    drop table if exists orders cascade 
2024-11-25T17:48:16.467+09:00 DEBUG 844 --- [jpashop] [    Test worker] org.hibernate.SQL                        : 
    drop sequence if exists category_seq
2024-11-25T17:48:16.468+09:00 DEBUG 844 --- [jpashop] [    Test worker] org.hibernate.SQL                        : 
    drop sequence if exists delivery_seq
2024-11-25T17:48:16.468+09:00 DEBUG 844 --- [jpashop] [    Test worker] org.hibernate.SQL                        : 
    drop sequence if exists item_seq
2024-11-25T17:48:16.469+09:00 DEBUG 844 --- [jpashop] [    Test worker] org.hibernate.SQL                        : 
    drop sequence if exists member_seq
2024-11-25T17:48:16.470+09:00 DEBUG 844 --- [jpashop] [    Test worker] org.hibernate.SQL                        : 
    drop sequence if exists order_item_seq
2024-11-25T17:48:16.470+09:00 DEBUG 844 --- [jpashop] [    Test worker] org.hibernate.SQL                        : 
    drop sequence if exists orders_seq
2024-11-25T17:48:16.475+09:00 DEBUG 844 --- [jpashop] [    Test worker] org.hibernate.SQL                        : 
    create sequence category_seq start with 1 increment by 50
2024-11-25T17:48:16.476+09:00 DEBUG 844 --- [jpashop] [    Test worker] org.hibernate.SQL                        : 
    create sequence delivery_seq start with 1 increment by 50
2024-11-25T17:48:16.477+09:00 DEBUG 844 --- [jpashop] [    Test worker] org.hibernate.SQL                        : 
    create sequence item_seq start with 1 increment by 50
2024-11-25T17:48:16.478+09:00 DEBUG 844 --- [jpashop] [    Test worker] org.hibernate.SQL                        : 
    create sequence member_seq start with 1 increment by 50
2024-11-25T17:48:16.478+09:00 DEBUG 844 --- [jpashop] [    Test worker] org.hibernate.SQL                        : 
    create sequence order_item_seq start with 1 increment by 50
2024-11-25T17:48:16.479+09:00 DEBUG 844 --- [jpashop] [    Test worker] org.hibernate.SQL                        : 
    create sequence orders_seq start with 1 increment by 50
2024-11-25T17:48:16.482+09:00 DEBUG 844 --- [jpashop] [    Test worker] org.hibernate.SQL                        : 
    create table category (
        category_id bigint not null,
        parent_id bigint,
        name varchar(255),
        primary key (category_id)
    )
2024-11-25T17:48:16.483+09:00 DEBUG 844 --- [jpashop] [    Test worker] org.hibernate.SQL                        : 
    create table category_item (
        category_id bigint not null,
        item_id bigint not null
    )
2024-11-25T17:48:16.484+09:00 DEBUG 844 --- [jpashop] [    Test worker] org.hibernate.SQL                        : 
    create table delivery (
        delivery_id bigint not null,
        city varchar(255),
        street varchar(255),
        zipcode varchar(255),
        status enum ('COMP','READY'),
        primary key (delivery_id)
    )
2024-11-25T17:48:16.486+09:00 DEBUG 844 --- [jpashop] [    Test worker] org.hibernate.SQL                        : 
    create table item (
        price integer not null,
        stock_quantity integer not null,
        item_id bigint not null,
        dtype varchar(31) not null,
        actor varchar(255),
        artist varchar(255),
        author varchar(255),
        director varchar(255),
        etc varchar(255),
        isbn varchar(255),
        name varchar(255),
        primary key (item_id)
    )
2024-11-25T17:48:16.487+09:00 DEBUG 844 --- [jpashop] [    Test worker] org.hibernate.SQL                        : 
    create table member (
        member_id bigint not null,
        city varchar(255),
        name varchar(255),
        street varchar(255),
        zipcode varchar(255),
        primary key (member_id)
    )
2024-11-25T17:48:16.489+09:00 DEBUG 844 --- [jpashop] [    Test worker] org.hibernate.SQL                        : 
    create table order_item (
        count integer not null,
        order_price integer not null,
        item_id bigint,
        order_id bigint,
        order_item_id bigint not null,
        primary key (order_item_id)
    )
2024-11-25T17:48:16.490+09:00 DEBUG 844 --- [jpashop] [    Test worker] org.hibernate.SQL                        : 
    create table orders (
        delivery_id bigint unique,
        member_id bigint,
        order_date timestamp(6),
        order_id bigint not null,
        status enum ('CANCEL','ORDER'),
        primary key (order_id)
    )
2024-11-25T17:48:16.492+09:00 DEBUG 844 --- [jpashop] [    Test worker] org.hibernate.SQL                        : 
    alter table if exists category 
       add constraint FK2y94svpmqttx80mshyny85wqr 
       foreign key (parent_id) 
       references category
2024-11-25T17:48:16.494+09:00 DEBUG 844 --- [jpashop] [    Test worker] org.hibernate.SQL                        : 
    alter table if exists category_item 
       add constraint FKu8b4lwqutcdq3363gf6mlujq 
       foreign key (item_id) 
       references item
2024-11-25T17:48:16.495+09:00 DEBUG 844 --- [jpashop] [    Test worker] org.hibernate.SQL                        : 
    alter table if exists category_item 
       add constraint FKcq2n0opf5shyh84ex1fhukcbh 
       foreign key (category_id) 
       references category
2024-11-25T17:48:16.497+09:00 DEBUG 844 --- [jpashop] [    Test worker] org.hibernate.SQL                        : 
    alter table if exists order_item 
       add constraint FKija6hjjiit8dprnmvtvgdp6ru 
       foreign key (item_id) 
       references item
2024-11-25T17:48:16.498+09:00 DEBUG 844 --- [jpashop] [    Test worker] org.hibernate.SQL                        : 
    alter table if exists order_item 
       add constraint FKt4dc2r9nbvbujrljv3e23iibt 
       foreign key (order_id) 
       references orders
2024-11-25T17:48:16.499+09:00 DEBUG 844 --- [jpashop] [    Test worker] org.hibernate.SQL                        : 
    alter table if exists orders 
       add constraint FKtkrur7wg4d8ax0pwgo0vmy20c 
       foreign key (delivery_id) 
       references delivery
2024-11-25T17:48:16.501+09:00 DEBUG 844 --- [jpashop] [    Test worker] org.hibernate.SQL                        : 
    alter table if exists orders 
       add constraint FKpktxwhj3x9m4gth5ff6bkqgeb 
       foreign key (member_id) 
       references member
2024-11-25T17:48:16.505+09:00  INFO 844 --- [jpashop] [    Test worker] j.LocalContainerEntityManagerFactoryBean : Initialized JPA EntityManagerFactory for persistence unit 'default'
2024-11-25T17:48:16.691+09:00  WARN 844 --- [jpashop] [    Test worker] JpaBaseConfiguration$JpaWebConfiguration : spring.jpa.open-in-view is enabled by default. Therefore, database queries may be performed during view rendering. Explicitly configure spring.jpa.open-in-view to disable this warning
2024-11-25T17:48:17.059+09:00  INFO 844 --- [jpashop] [    Test worker] j.jpashop.service.MemberServiceTest      : Started MemberServiceTest in 3.539 seconds (process running for 4.552)
2024-11-25T17:48:17.834+09:00 DEBUG 844 --- [jpashop] [    Test worker] org.hibernate.SQL                        : 
    select
        m1_0.member_id,
        m1_0.city,
        m1_0.street,
        m1_0.zipcode,
        m1_0.name 
    from
        member m1_0 
    where
        m1_0.name=?
2024-11-25T17:48:17.839+09:00 TRACE 844 --- [jpashop] [    Test worker] org.hibernate.orm.jdbc.bind              : binding parameter (1:VARCHAR) <- [Kim]
2024-11-25T17:48:17.849+09:00 DEBUG 844 --- [jpashop] [    Test worker] org.hibernate.SQL                        : 
    select
        next value for member_seq
]]></system-out>
  <system-err><![CDATA[]]></system-err>
</testsuite>
