<?xml version="1.0" encoding="UTF-8"?>
<testsuite name="jpabook.jpashop.repository.MemberRepositoryTest" tests="1" skipped="0" failures="0" errors="0" timestamp="2024-11-05T08:26:45" hostname="DESKTOP-3QVGDFK" time="0.474">
  <properties/>
  <testcase name="testMember" classname="jpabook.jpashop.repository.MemberRepositoryTest" time="0.474"/>
  <system-out><![CDATA[17:26:42.432 [Test worker] INFO org.springframework.test.context.support.AnnotationConfigContextLoaderUtils -- Could not detect default configuration classes for test class [jpabook.jpashop.repository.MemberRepositoryTest]: MemberRepositoryTest does not declare any static, non-private, non-final, nested classes annotated with @Configuration.
17:26:42.525 [Test worker] INFO org.springframework.boot.test.context.SpringBootTestContextBootstrapper -- Found @SpringBootConfiguration jpabook.jpashop.JpashopApplication for test class jpabook.jpashop.repository.MemberRepositoryTest
17:26:42.667 [Test worker] INFO org.springframework.boot.devtools.restart.RestartApplicationListener -- Restart disabled due to context in which it is running

  .   ____          _            __ _ _
 /\\ / ___'_ __ _ _(_)_ __  __ _ \ \ \ \
( ( )\___ | '_ | '_| | '_ \/ _` | \ \ \ \
 \\/  ___)| |_)| | | | | || (_| |  ) ) ) )
  '  |____| .__|_| |_|_| |_\__, | / / / /
 =========|_|==============|___/=/_/_/_/

 :: Spring Boot ::                (v3.3.5)

2024-11-05T17:26:42.940+09:00  INFO 1604 --- [jpashop] [    Test worker] j.j.repository.MemberRepositoryTest      : Starting MemberRepositoryTest using Java 17 with PID 1604 (started by user1 in C:\workspace\boot\jpashop)
2024-11-05T17:26:42.941+09:00  INFO 1604 --- [jpashop] [    Test worker] j.j.repository.MemberRepositoryTest      : No active profile set, falling back to 1 default profile: "default"
2024-11-05T17:26:43.515+09:00  INFO 1604 --- [jpashop] [    Test worker] .s.d.r.c.RepositoryConfigurationDelegate : Bootstrapping Spring Data JPA repositories in DEFAULT mode.
2024-11-05T17:26:43.541+09:00  INFO 1604 --- [jpashop] [    Test worker] .s.d.r.c.RepositoryConfigurationDelegate : Finished Spring Data repository scanning in 13 ms. Found 0 JPA repository interfaces.
2024-11-05T17:26:43.940+09:00  INFO 1604 --- [jpashop] [    Test worker] o.hibernate.jpa.internal.util.LogHelper  : HHH000204: Processing PersistenceUnitInfo [name: default]
2024-11-05T17:26:44.007+09:00  INFO 1604 --- [jpashop] [    Test worker] org.hibernate.Version                    : HHH000412: Hibernate ORM core version 6.5.3.Final
2024-11-05T17:26:44.044+09:00  INFO 1604 --- [jpashop] [    Test worker] o.h.c.internal.RegionFactoryInitiator    : HHH000026: Second-level cache disabled
2024-11-05T17:26:44.358+09:00  INFO 1604 --- [jpashop] [    Test worker] o.s.o.j.p.SpringPersistenceUnitInfo      : No LoadTimeWeaver setup: ignoring JPA class transformer
2024-11-05T17:26:44.388+09:00  INFO 1604 --- [jpashop] [    Test worker] com.zaxxer.hikari.HikariDataSource       : HikariPool-1 - Starting...
2024-11-05T17:26:44.456+09:00  INFO 1604 --- [jpashop] [    Test worker] com.zaxxer.hikari.pool.HikariPool        : HikariPool-1 - Added connection conn0: url=jdbc:h2:tcp://localhost/~/jpashop user=SA
2024-11-05T17:26:44.458+09:00  INFO 1604 --- [jpashop] [    Test worker] com.zaxxer.hikari.HikariDataSource       : HikariPool-1 - Start completed.
2024-11-05T17:26:45.248+09:00  INFO 1604 --- [jpashop] [    Test worker] o.h.e.t.j.p.i.JtaPlatformInitiator       : HHH000489: No JTA platform available (set 'hibernate.transaction.jta.platform' to enable JTA platform integration)
2024-11-05T17:26:45.263+09:00 DEBUG 1604 --- [jpashop] [    Test worker] org.hibernate.SQL                        : 
    drop table if exists member cascade 
2024-11-05T17:26:45.267+09:00 DEBUG 1604 --- [jpashop] [    Test worker] org.hibernate.SQL                        : 
    drop sequence if exists member_seq
2024-11-05T17:26:45.272+09:00 DEBUG 1604 --- [jpashop] [    Test worker] org.hibernate.SQL                        : 
    create sequence member_seq start with 1 increment by 50
2024-11-05T17:26:45.275+09:00 DEBUG 1604 --- [jpashop] [    Test worker] org.hibernate.SQL                        : 
    create table member (
        member_id bigint not null,
        city varchar(255),
        name varchar(255),
        street varchar(255),
        zipcode varchar(255),
        primary key (member_id)
    )
2024-11-05T17:26:45.279+09:00  INFO 1604 --- [jpashop] [    Test worker] j.LocalContainerEntityManagerFactoryBean : Initialized JPA EntityManagerFactory for persistence unit 'default'
2024-11-05T17:26:45.443+09:00  WARN 1604 --- [jpashop] [    Test worker] JpaBaseConfiguration$JpaWebConfiguration : spring.jpa.open-in-view is enabled by default. Therefore, database queries may be performed during view rendering. Explicitly configure spring.jpa.open-in-view to disable this warning
2024-11-05T17:26:45.815+09:00  INFO 1604 --- [jpashop] [    Test worker] j.j.repository.MemberRepositoryTest      : Started MemberRepositoryTest in 3.153 seconds (process running for 4.159)
2024-11-05T17:26:46.267+09:00 DEBUG 1604 --- [jpashop] [    Test worker] org.hibernate.SQL                        : 
    select
        next value for member_seq
sjdknvksdnkvnsdvn :1
]]></system-out>
  <system-err><![CDATA[]]></system-err>
</testsuite>
