<?xml version="1.0" encoding="UTF-8"?>
<testsuite name="jpabook.jpashop.service.OrderServiceTest" tests="1" skipped="0" failures="0" errors="0" timestamp="2024-11-26T03:09:34" hostname="DESKTOP-3QVGDFK" time="0.498">
  <properties/>
  <testcase name="상품주문_재고수량초과()" classname="jpabook.jpashop.service.OrderServiceTest" time="0.498"/>
  <system-out><![CDATA[12:09:30.466 [Test worker] INFO org.springframework.test.context.support.AnnotationConfigContextLoaderUtils -- Could not detect default configuration classes for test class [jpabook.jpashop.service.OrderServiceTest]: OrderServiceTest does not declare any static, non-private, non-final, nested classes annotated with @Configuration.
12:09:30.573 [Test worker] INFO org.springframework.boot.test.context.SpringBootTestContextBootstrapper -- Found @SpringBootConfiguration jpabook.jpashop.JpashopApplication for test class jpabook.jpashop.service.OrderServiceTest
12:09:30.725 [Test worker] INFO org.springframework.boot.devtools.restart.RestartApplicationListener -- Restart disabled due to context in which it is running

  .   ____          _            __ _ _
 /\\ / ___'_ __ _ _(_)_ __  __ _ \ \ \ \
( ( )\___ | '_ | '_| | '_ \/ _` | \ \ \ \
 \\/  ___)| |_)| | | | | || (_| |  ) ) ) )
  '  |____| .__|_| |_|_| |_\__, | / / / /
 =========|_|==============|___/=/_/_/_/

 :: Spring Boot ::                (v3.3.5)

2024-11-26T12:09:31.026+09:00  INFO 22068 --- [    Test worker] j.jpashop.service.OrderServiceTest       : Starting OrderServiceTest using Java 17 with PID 22068 (started by user1 in C:\workspace\boot\jpashop)
2024-11-26T12:09:31.028+09:00  INFO 22068 --- [    Test worker] j.jpashop.service.OrderServiceTest       : No active profile set, falling back to 1 default profile: "default"
2024-11-26T12:09:31.693+09:00  INFO 22068 --- [    Test worker] .s.d.r.c.RepositoryConfigurationDelegate : Bootstrapping Spring Data JPA repositories in DEFAULT mode.
2024-11-26T12:09:31.717+09:00  INFO 22068 --- [    Test worker] .s.d.r.c.RepositoryConfigurationDelegate : Finished Spring Data repository scanning in 15 ms. Found 0 JPA repository interfaces.
2024-11-26T12:09:32.100+09:00  INFO 22068 --- [    Test worker] com.zaxxer.hikari.HikariDataSource       : HikariPool-1 - Starting...
2024-11-26T12:09:32.295+09:00  INFO 22068 --- [    Test worker] com.zaxxer.hikari.pool.HikariPool        : HikariPool-1 - Added connection conn0: url=jdbc:h2:mem:cb8dca61-1500-42ea-94f6-77867cb6ee2e user=SA
2024-11-26T12:09:32.297+09:00  INFO 22068 --- [    Test worker] com.zaxxer.hikari.HikariDataSource       : HikariPool-1 - Start completed.
2024-11-26T12:09:32.340+09:00  INFO 22068 --- [    Test worker] o.hibernate.jpa.internal.util.LogHelper  : HHH000204: Processing PersistenceUnitInfo [name: default]
2024-11-26T12:09:32.411+09:00  INFO 22068 --- [    Test worker] org.hibernate.Version                    : HHH000412: Hibernate ORM core version 6.5.3.Final
2024-11-26T12:09:32.452+09:00  INFO 22068 --- [    Test worker] o.h.c.internal.RegionFactoryInitiator    : HHH000026: Second-level cache disabled
2024-11-26T12:09:32.759+09:00  INFO 22068 --- [    Test worker] o.s.o.j.p.SpringPersistenceUnitInfo      : No LoadTimeWeaver setup: ignoring JPA class transformer
2024-11-26T12:09:33.923+09:00  INFO 22068 --- [    Test worker] o.h.e.t.j.p.i.JtaPlatformInitiator       : HHH000489: No JTA platform available (set 'hibernate.transaction.jta.platform' to enable JTA platform integration)
2024-11-26T12:09:33.939+09:00 DEBUG 22068 --- [    Test worker] org.hibernate.SQL                        : drop table if exists category cascade 
2024-11-26T12:09:33.943+09:00 DEBUG 22068 --- [    Test worker] org.hibernate.SQL                        : drop table if exists category_item cascade 
2024-11-26T12:09:33.943+09:00 DEBUG 22068 --- [    Test worker] org.hibernate.SQL                        : drop table if exists delivery cascade 
2024-11-26T12:09:33.943+09:00 DEBUG 22068 --- [    Test worker] org.hibernate.SQL                        : drop table if exists item cascade 
2024-11-26T12:09:33.943+09:00 DEBUG 22068 --- [    Test worker] org.hibernate.SQL                        : drop table if exists member cascade 
2024-11-26T12:09:33.944+09:00 DEBUG 22068 --- [    Test worker] org.hibernate.SQL                        : drop table if exists order_item cascade 
2024-11-26T12:09:33.944+09:00 DEBUG 22068 --- [    Test worker] org.hibernate.SQL                        : drop table if exists orders cascade 
2024-11-26T12:09:33.944+09:00 DEBUG 22068 --- [    Test worker] org.hibernate.SQL                        : drop sequence if exists category_seq
2024-11-26T12:09:33.945+09:00 DEBUG 22068 --- [    Test worker] org.hibernate.SQL                        : drop sequence if exists delivery_seq
2024-11-26T12:09:33.945+09:00 DEBUG 22068 --- [    Test worker] org.hibernate.SQL                        : drop sequence if exists item_seq
2024-11-26T12:09:33.945+09:00 DEBUG 22068 --- [    Test worker] org.hibernate.SQL                        : drop sequence if exists member_seq
2024-11-26T12:09:33.946+09:00 DEBUG 22068 --- [    Test worker] org.hibernate.SQL                        : drop sequence if exists order_item_seq
2024-11-26T12:09:33.946+09:00 DEBUG 22068 --- [    Test worker] org.hibernate.SQL                        : drop sequence if exists orders_seq
2024-11-26T12:09:33.951+09:00 DEBUG 22068 --- [    Test worker] org.hibernate.SQL                        : create sequence category_seq start with 1 increment by 50
2024-11-26T12:09:33.953+09:00 DEBUG 22068 --- [    Test worker] org.hibernate.SQL                        : create sequence delivery_seq start with 1 increment by 50
2024-11-26T12:09:33.954+09:00 DEBUG 22068 --- [    Test worker] org.hibernate.SQL                        : create sequence item_seq start with 1 increment by 50
2024-11-26T12:09:33.954+09:00 DEBUG 22068 --- [    Test worker] org.hibernate.SQL                        : create sequence member_seq start with 1 increment by 50
2024-11-26T12:09:33.954+09:00 DEBUG 22068 --- [    Test worker] org.hibernate.SQL                        : create sequence order_item_seq start with 1 increment by 50
2024-11-26T12:09:33.955+09:00 DEBUG 22068 --- [    Test worker] org.hibernate.SQL                        : create sequence orders_seq start with 1 increment by 50
2024-11-26T12:09:33.958+09:00 DEBUG 22068 --- [    Test worker] org.hibernate.SQL                        : create table category (category_id bigint not null, parent_id bigint, name varchar(255), primary key (category_id))
2024-11-26T12:09:33.962+09:00 DEBUG 22068 --- [    Test worker] org.hibernate.SQL                        : create table category_item (category_id bigint not null, item_id bigint not null)
2024-11-26T12:09:33.962+09:00 DEBUG 22068 --- [    Test worker] org.hibernate.SQL                        : create table delivery (delivery_id bigint not null, city varchar(255), street varchar(255), zipcode varchar(255), status enum ('COMP','READY'), primary key (delivery_id))
2024-11-26T12:09:33.964+09:00 DEBUG 22068 --- [    Test worker] org.hibernate.SQL                        : create table item (price integer not null, stock_quantity integer not null, item_id bigint not null, dtype varchar(31) not null, actor varchar(255), artist varchar(255), author varchar(255), director varchar(255), etc varchar(255), isbn varchar(255), name varchar(255), primary key (item_id))
2024-11-26T12:09:33.965+09:00 DEBUG 22068 --- [    Test worker] org.hibernate.SQL                        : create table member (member_id bigint not null, city varchar(255), name varchar(255), street varchar(255), zipcode varchar(255), primary key (member_id))
2024-11-26T12:09:33.965+09:00 DEBUG 22068 --- [    Test worker] org.hibernate.SQL                        : create table order_item (count integer not null, order_price integer not null, item_id bigint, order_id bigint, order_item_id bigint not null, primary key (order_item_id))
2024-11-26T12:09:33.967+09:00 DEBUG 22068 --- [    Test worker] org.hibernate.SQL                        : create table orders (delivery_id bigint unique, member_id bigint, order_date timestamp(6), order_id bigint not null, status enum ('CANCEL','ORDER'), primary key (order_id))
2024-11-26T12:09:33.969+09:00 DEBUG 22068 --- [    Test worker] org.hibernate.SQL                        : alter table if exists category add constraint FK2y94svpmqttx80mshyny85wqr foreign key (parent_id) references category
2024-11-26T12:09:33.979+09:00 DEBUG 22068 --- [    Test worker] org.hibernate.SQL                        : alter table if exists category_item add constraint FKu8b4lwqutcdq3363gf6mlujq foreign key (item_id) references item
2024-11-26T12:09:33.980+09:00 DEBUG 22068 --- [    Test worker] org.hibernate.SQL                        : alter table if exists category_item add constraint FKcq2n0opf5shyh84ex1fhukcbh foreign key (category_id) references category
2024-11-26T12:09:33.981+09:00 DEBUG 22068 --- [    Test worker] org.hibernate.SQL                        : alter table if exists order_item add constraint FKija6hjjiit8dprnmvtvgdp6ru foreign key (item_id) references item
2024-11-26T12:09:33.982+09:00 DEBUG 22068 --- [    Test worker] org.hibernate.SQL                        : alter table if exists order_item add constraint FKt4dc2r9nbvbujrljv3e23iibt foreign key (order_id) references orders
2024-11-26T12:09:33.983+09:00 DEBUG 22068 --- [    Test worker] org.hibernate.SQL                        : alter table if exists orders add constraint FKtkrur7wg4d8ax0pwgo0vmy20c foreign key (delivery_id) references delivery
2024-11-26T12:09:33.984+09:00 DEBUG 22068 --- [    Test worker] org.hibernate.SQL                        : alter table if exists orders add constraint FKpktxwhj3x9m4gth5ff6bkqgeb foreign key (member_id) references member
2024-11-26T12:09:33.989+09:00  INFO 22068 --- [    Test worker] j.LocalContainerEntityManagerFactoryBean : Initialized JPA EntityManagerFactory for persistence unit 'default'
2024-11-26T12:09:34.191+09:00  WARN 22068 --- [    Test worker] JpaBaseConfiguration$JpaWebConfiguration : spring.jpa.open-in-view is enabled by default. Therefore, database queries may be performed during view rendering. Explicitly configure spring.jpa.open-in-view to disable this warning
2024-11-26T12:09:34.568+09:00  INFO 22068 --- [    Test worker] j.jpashop.service.OrderServiceTest       : Started OrderServiceTest in 3.85 seconds (process running for 4.91)
2024-11-26T12:09:35.026+09:00 DEBUG 22068 --- [    Test worker] org.hibernate.SQL                        : select next value for member_seq
2024-11-26T12:09:35.064+09:00 DEBUG 22068 --- [    Test worker] org.hibernate.SQL                        : select next value for item_seq
]]></system-out>
  <system-err><![CDATA[]]></system-err>
</testsuite>
